i
h
j
n
k
h
n
j
n
o
i
h
a
e
r
f
,
n
a
e
f
u
b
h
e
a
g
h
i
u
g
d
h
i
u
h
g
backspace
backspace
backspace
backspace
u
o
i
h
o
i
h
o
i
j
z
d
h
v
o
u
e
a
h
f
k
f
o
0
i
w
a
e
u
f
b
j
n
v
h
j
p
i
u
j
v
g
k
a
h
i
u
h
ctrl
a
ctrl
backspace
o
m
k
a
r
space
k
u
l
k
a
r
n
i
o
m
k
a
r
space
m
a
n
g
e
s
k
space
k
u
l
k
a
r
n
i
a
a
d
a
d
o
m
k
a
r
space
m
n
a
g
e
s
h
space
h
u
h
ctrl
a
backspace
o
o
m
a
u
r
b
k
j
n
u
j
b
n
k
a
j
r
k
j
n
o
r
n
space
shift
9
)
shift
o
g
m
l
k
n
l
k
j
l
d
k
f
j
g
k
h
m
l
k
l
k
i
d
j
f
y
k
t
m
h
o
s
j
k
n
l
k
j
h
n
l
k
m
n
p
i
j
s
r
k
t
m
n
p
o
s
r
l
t
m
o
j
k
n
s
e
f
s
e
f
s
e
f
b
a
b
a
1
2
3
space
shift
2
ctrl
c
u
h
a
s
f
u
h
F
shift
b
u
u
f
b
a
b
a
space
i
s
space
b
s
r
backspace
backspace
e
s
t
m
e
r
n
space
s
t
a
c
k
enter
o
m
k
a
r
space
i
s
space
b
e
s
t
space
ctrl
o
m
k
a
r
space
i
s
space
t
h
e
space
b
e
s
t
v
space
s
t
u
d
e
n
t
space
space
ctrl
v
shift
ctrl
c
ctrl
v
space
shift
enter
a
l
s
o
space
m
a
k
e
space
g
u
i
space
u
s
backspace
backspace
b
a
s
i
c
enter
ctrl
c
ctrl
v
shift
enter
w
r
i
t
e
space
b
i
o
space
a
s
space
a
b
o
v
e
space
f
o
space
t
h
i
s
space
c
o
d
e
space
m
e
n
t
i
o
n
space
a
s
space
t
a
s
k
space
4
enter
c
ctrl
ctrl
v
a
ctrl
v